
Showing logs for build [32mcb-kubecd-environment-pr-191-17-r4kcz-1[0m stage [32mfrom-build-pack[0m and container [32mstep-credential-initializer-9628l[0m
{"level":"warn","ts":1585587786.2456126,"logger":"fallback-logger","caller":"logging/config.go:69","msg":"Fetch GitHub commit ID from kodata failed: \"ref: refs/heads/0.8.0-**-support-backwards-incompats\" is not a valid GitHub commit ID"}
{"level":"info","ts":1585587786.2461226,"logger":"fallback-logger","caller":"creds-init/main.go:40","msg":"Credentials initialized."}

Showing logs for build [32mcb-kubecd-environment-pr-191-17-r4kcz-1[0m stage [32mfrom-build-pack[0m and container [32mstep-working-dir-initializer-2ms46[0m
{"level":"warn","ts":1585587787.0495338,"logger":"fallback-logger","caller":"logging/config.go:69","msg":"Fetch GitHub commit ID from kodata failed: open /var/run/ko/HEAD: no such file or directory"}
{"level":"info","ts":1585587787.051055,"logger":"fallback-logger","caller":"bash/main.go:64","msg":"Successfully executed command \"sh -c mkdir -p /workspace/source\"; output "}

Showing logs for build [32mcb-kubecd-environment-pr-191-17-r4kcz-1[0m stage [32mfrom-build-pack[0m and container [32mstep-place-tools[0m

Showing logs for build [32mcb-kubecd-environment-pr-191-17-r4kcz-1[0m stage [32mfrom-build-pack[0m and container [32mstep-git-source-cb-kubecd-environment-pr-191-17-r4kcz-5t2rz[0m
{"level":"warn","ts":1585587791.1792896,"logger":"fallback-logger","caller":"logging/config.go:69","msg":"Fetch GitHub commit ID from kodata failed: \"ref: refs/heads/0.8.0-**-support-backwards-incompats\" is not a valid GitHub commit ID"}
{"level":"info","ts":1585587792.3138428,"logger":"fallback-logger","caller":"git/git.go:103","msg":"Successfully cloned https://github.com/cb-kubecd/environment-pr-191-176-gke-upgrade-production.git @ master in path /workspace/source"}

Showing logs for build [32mcb-kubecd-environment-pr-191-17-r4kcz-1[0m stage [32mfrom-build-pack[0m and container [32mstep-git-merge[0m
Using SHAs from PULL_REFS=master:b76fdb0736b7f7c182e7412ec9c1a07ecfdb8c34,1:7bcb405a8274da0395215d557af565ee9ea069b0
DEBUG: LC_ALL=C JX_LOG_LEVEL=error git fetch origin --unshallow 7bcb405a8274da0395215d557af565ee9ea069b0: b76fdb0736b7f7c182e7412ec9c1a07ecfdb8c34:
DEBUG: ran git fetch --unshallow origin 7bcb405a8274da0395215d557af565ee9ea069b0: b76fdb0736b7f7c182e7412ec9c1a07ecfdb8c34: in 
DEBUG: LC_ALL=C JX_LOG_LEVEL=error git branch
DEBUG: LC_ALL=C JX_LOG_LEVEL=error git checkout master
DEBUG: ran git checkout master in 
DEBUG: LC_ALL=C JX_LOG_LEVEL=error git reset --hard b76fdb0736b7f7c182e7412ec9c1a07ecfdb8c34
DEBUG: ran git reset --hard b76fdb0736b7f7c182e7412ec9c1a07ecfdb8c34 in 
DEBUG: LC_ALL=C JX_LOG_LEVEL=error git clean -fd .
DEBUG: ran clean --force -d . in 
DEBUG: LC_ALL=C JX_LOG_LEVEL=error git merge 7bcb405a8274da0395215d557af565ee9ea069b0
DEBUG: ran git merge 7bcb405a8274da0395215d557af565ee9ea069b0 in 
DEBUG: JX_LOG_LEVEL=error LC_ALL=C git log --format=%H%x1f%an%x1f%ae%x1f%cn%x1f%ce%x1f%s%n%b%x1e b76fdb0736b7f7c182e7412ec9c1a07ecfdb8c34..HEAD
Merged SHA 7bcb405a8274da0395215d557af565ee9ea069b0 with commit message 'chore: Promote bdd-spring-1585586334 to version 0.0.1' into base branch master

Showing logs for build [32mcb-kubecd-environment-pr-191-17-r4kcz-1[0m stage [32mfrom-build-pack[0m and container [32mstep-build-helm-build[0m
WARNING: No $CHART_REPOSITORY defined so using the default value of: http://jenkins-x-chartmuseum:8080
Adding missing Helm repo: storage.googleapis.com https://storage.googleapis.com/chartmuseum.jenkins-x.io
WARNING: No secrets found on "helm/repos" due: reading the secret "helm/repos" from vault: no secret "helm/repos" not found in vault
Read credentials for https://storage.googleapis.com/chartmuseum.jenkins-x.io from vault helm/repos
Successfully added Helm repository storage.googleapis.com.
Adding missing Helm repo: jenkins-x-chartmuseum http://jenkins-x-chartmuseum:8080
WARNING: No secrets found on "helm/repos" due: reading the secret "helm/repos" from vault: no secret "helm/repos" not found in vault
Read credentials for http://jenkins-x-chartmuseum:8080 from vault helm/repos
Successfully added Helm repository jenkins-x-chartmuseum.
WARNING: No $CHART_REPOSITORY defined so using the default value of: http://jenkins-x-chartmuseum:8080
Adding missing Helm repo: chartmuseum.jenkins-x.io http://chartmuseum.jenkins-x.io
WARNING: No secrets found on "helm/repos" due: reading the secret "helm/repos" from vault: no secret "helm/repos" not found in vault
Read credentials for http://chartmuseum.jenkins-x.io from vault helm/repos
Successfully added Helm repository chartmuseum.jenkins-x.io.
